C:\USERS\SAMCRUISE\DOCUMENTS\VISUAL STUDIO 2012\PROJECTS\ZXPP\ZXPP\RELEASE\Z80.OBJ
C:\USERS\SAMCRUISE\DOCUMENTS\VISUAL STUDIO 2012\PROJECTS\ZXPP\ZXPP\RELEASE\ULA.OBJ
C:\USERS\SAMCRUISE\DOCUMENTS\VISUAL STUDIO 2012\PROJECTS\ZXPP\ZXPP\RELEASE\TIMER.OBJ
C:\USERS\SAMCRUISE\DOCUMENTS\VISUAL STUDIO 2012\PROJECTS\ZXPP\ZXPP\RELEASE\TEXTURECACHE.OBJ
C:\USERS\SAMCRUISE\DOCUMENTS\VISUAL STUDIO 2012\PROJECTS\ZXPP\ZXPP\RELEASE\TESTZ80.OBJ
C:\USERS\SAMCRUISE\DOCUMENTS\VISUAL STUDIO 2012\PROJECTS\ZXPP\ZXPP\RELEASE\MOCKIODEVICE.OBJ
C:\USERS\SAMCRUISE\DOCUMENTS\VISUAL STUDIO 2012\PROJECTS\ZXPP\ZXPP\RELEASE\MEMORY.OBJ
C:\USERS\SAMCRUISE\DOCUMENTS\VISUAL STUDIO 2012\PROJECTS\ZXPP\ZXPP\RELEASE\LOUDSPEAKER.OBJ
C:\USERS\SAMCRUISE\DOCUMENTS\VISUAL STUDIO 2012\PROJECTS\ZXPP\ZXPP\RELEASE\FRAMERATECOUNTER.OBJ
C:\USERS\SAMCRUISE\DOCUMENTS\VISUAL STUDIO 2012\PROJECTS\ZXPP\ZXPP\RELEASE\FLAGS.OBJ
C:\USERS\SAMCRUISE\DOCUMENTS\VISUAL STUDIO 2012\PROJECTS\ZXPP\ZXPP\RELEASE\APPLICATION.OBJ
C:\USERS\SAMCRUISE\DOCUMENTS\VISUAL STUDIO 2012\PROJECTS\ZXPP\ZXPP\RELEASE\VC110.PDB
C:\USERS\SAMCRUISE\DOCUMENTS\VISUAL STUDIO 2012\PROJECTS\ZXPP\RELEASE\ZXPP.EXE
C:\USERS\SAMCRUISE\DOCUMENTS\VISUAL STUDIO 2012\PROJECTS\ZXPP\RELEASE\ZXPP.PDB
C:\Users\samcruise\Documents\Visual Studio 2012\Projects\ZXpp\ZXpp\Release\Application.obj
C:\Users\samcruise\Documents\Visual Studio 2012\Projects\ZXpp\ZXpp\Release\Flags.obj
C:\Users\samcruise\Documents\Visual Studio 2012\Projects\ZXpp\ZXpp\Release\FrameRateCounter.obj
C:\Users\samcruise\Documents\Visual Studio 2012\Projects\ZXpp\ZXpp\Release\Loudspeaker.obj
C:\Users\samcruise\Documents\Visual Studio 2012\Projects\ZXpp\ZXpp\Release\memory.obj
C:\Users\samcruise\Documents\Visual Studio 2012\Projects\ZXpp\ZXpp\Release\MockIODevice.obj
C:\Users\samcruise\Documents\Visual Studio 2012\Projects\ZXpp\ZXpp\Release\TestZ80.obj
C:\Users\samcruise\Documents\Visual Studio 2012\Projects\ZXpp\ZXpp\Release\TextureCache.obj
C:\Users\samcruise\Documents\Visual Studio 2012\Projects\ZXpp\ZXpp\Release\Timer.obj
C:\Users\samcruise\Documents\Visual Studio 2012\Projects\ZXpp\ZXpp\Release\ula.obj
C:\Users\samcruise\Documents\Visual Studio 2012\Projects\ZXpp\ZXpp\Release\z80.obj
C:\Users\samcruise\Documents\Visual Studio 2012\Projects\ZXpp\ZXpp\Release\cl.command.1.tlog
C:\Users\samcruise\Documents\Visual Studio 2012\Projects\ZXpp\ZXpp\Release\CL.read.1.tlog
C:\Users\samcruise\Documents\Visual Studio 2012\Projects\ZXpp\ZXpp\Release\CL.write.1.tlog
C:\Users\samcruise\Documents\Visual Studio 2012\Projects\ZXpp\ZXpp\Release\link-cvtres.read.1.tlog
C:\Users\samcruise\Documents\Visual Studio 2012\Projects\ZXpp\ZXpp\Release\link-cvtres.write.1.tlog
C:\Users\samcruise\Documents\Visual Studio 2012\Projects\ZXpp\ZXpp\Release\link-rc.read.1.tlog
C:\Users\samcruise\Documents\Visual Studio 2012\Projects\ZXpp\ZXpp\Release\link-rc.write.1.tlog
C:\Users\samcruise\Documents\Visual Studio 2012\Projects\ZXpp\ZXpp\Release\link.command.1.tlog
C:\Users\samcruise\Documents\Visual Studio 2012\Projects\ZXpp\ZXpp\Release\link.read.1.tlog
C:\Users\samcruise\Documents\Visual Studio 2012\Projects\ZXpp\ZXpp\Release\link.write.1.tlog
C:\Users\samcruise\Documents\Visual Studio 2012\Projects\ZXpp\ZXpp\Release\NativeCodeAnalysis.read.1.tlog
C:\Users\samcruise\Documents\Visual Studio 2012\Projects\ZXpp\ZXpp\Release\vc110.pdb
C:\Users\samcruise\Documents\Visual Studio 2012\Projects\ZXpp\ZXpp\Release\Application.cpp.nativecodeanalysis.xml
C:\Users\samcruise\Documents\Visual Studio 2012\Projects\ZXpp\ZXpp\Release\Flags.cpp.nativecodeanalysis.xml
C:\Users\samcruise\Documents\Visual Studio 2012\Projects\ZXpp\ZXpp\Release\FrameRateCounter.cpp.nativecodeanalysis.xml
C:\Users\samcruise\Documents\Visual Studio 2012\Projects\ZXpp\ZXpp\Release\Loudspeaker.cpp.nativecodeanalysis.xml
C:\Users\samcruise\Documents\Visual Studio 2012\Projects\ZXpp\ZXpp\Release\memory.cpp.nativecodeanalysis.xml
C:\Users\samcruise\Documents\Visual Studio 2012\Projects\ZXpp\ZXpp\Release\MockIODevice.cpp.nativecodeanalysis.xml
C:\Users\samcruise\Documents\Visual Studio 2012\Projects\ZXpp\ZXpp\Release\TestZ80.cpp.nativecodeanalysis.xml
C:\Users\samcruise\Documents\Visual Studio 2012\Projects\ZXpp\ZXpp\Release\TextureCache.cpp.nativecodeanalysis.xml
C:\Users\samcruise\Documents\Visual Studio 2012\Projects\ZXpp\ZXpp\Release\Timer.cpp.nativecodeanalysis.xml
C:\Users\samcruise\Documents\Visual Studio 2012\Projects\ZXpp\ZXpp\Release\ula.cpp.nativecodeanalysis.xml
C:\Users\samcruise\Documents\Visual Studio 2012\Projects\ZXpp\ZXpp\Release\vc.nativecodeanalysis.all.xml
C:\Users\samcruise\Documents\Visual Studio 2012\Projects\ZXpp\ZXpp\Release\z80.cpp.nativecodeanalysis.xml
C:\Users\samcruise\Documents\Visual Studio 2012\Projects\ZXpp\Release\ZXpp.pdb
C:\Users\samcruise\Documents\Visual Studio 2012\Projects\ZXpp\Release\ZXpp.exe
C:\Users\samcruise\Documents\Visual Studio 2012\Projects\ZXpp\Release\ZXpp.exe.lastcodeanalysissucceeded
