C:\USERS\SAMCRUISE\DOCUMENTS\VISUAL STUDIO 2012\PROJECTS\ZXPP\ZXPP\DEBUG\APPLICATION.OBJ
C:\USERS\SAMCRUISE\DOCUMENTS\VISUAL STUDIO 2012\PROJECTS\ZXPP\ZXPP\DEBUG\FLAGS.OBJ
C:\USERS\SAMCRUISE\DOCUMENTS\VISUAL STUDIO 2012\PROJECTS\ZXPP\ZXPP\DEBUG\FRAMERATECOUNTER.OBJ
C:\USERS\SAMCRUISE\DOCUMENTS\VISUAL STUDIO 2012\PROJECTS\ZXPP\ZXPP\DEBUG\MEMORY.OBJ
C:\USERS\SAMCRUISE\DOCUMENTS\VISUAL STUDIO 2012\PROJECTS\ZXPP\ZXPP\DEBUG\TEXTURECACHE.OBJ
C:\USERS\SAMCRUISE\DOCUMENTS\VISUAL STUDIO 2012\PROJECTS\ZXPP\ZXPP\DEBUG\TIMER.OBJ
C:\USERS\SAMCRUISE\DOCUMENTS\VISUAL STUDIO 2012\PROJECTS\ZXPP\ZXPP\DEBUG\ULA.OBJ
C:\USERS\SAMCRUISE\DOCUMENTS\VISUAL STUDIO 2012\PROJECTS\ZXPP\ZXPP\DEBUG\Z80.OBJ
C:\USERS\SAMCRUISE\DOCUMENTS\VISUAL STUDIO 2012\PROJECTS\ZXPP\ZXPP\DEBUG\VC110.PDB
C:\USERS\SAMCRUISE\DOCUMENTS\VISUAL STUDIO 2012\PROJECTS\ZXPP\ZXPP\DEBUG\TESTZ80.OBJ
C:\USERS\SAMCRUISE\DOCUMENTS\VISUAL STUDIO 2012\PROJECTS\ZXPP\ZXPP\DEBUG\MOCKIODEVICE.OBJ
C:\USERS\SAMCRUISE\DOCUMENTS\VISUAL STUDIO 2012\PROJECTS\ZXPP\ZXPP\DEBUG\LOUDSPEAKER.OBJ
C:\USERS\SAMCRUISE\DOCUMENTS\VISUAL STUDIO 2012\PROJECTS\ZXPP\DEBUG\ZXPP.ILK
C:\USERS\SAMCRUISE\DOCUMENTS\VISUAL STUDIO 2012\PROJECTS\ZXPP\DEBUG\ZXPP.EXE
C:\USERS\SAMCRUISE\DOCUMENTS\VISUAL STUDIO 2012\PROJECTS\ZXPP\DEBUG\ZXPP.PDB
C:\Users\samcruise\Documents\Visual Studio 2012\Projects\ZXpp\ZXpp\Debug\ZXpp.vcxprojResolveAssemblyReference.cache
C:\Users\samcruise\Documents\Visual Studio 2012\Projects\ZXpp\ZXpp\Debug\Application.obj
C:\Users\samcruise\Documents\Visual Studio 2012\Projects\ZXpp\ZXpp\Debug\Flags.obj
C:\Users\samcruise\Documents\Visual Studio 2012\Projects\ZXpp\ZXpp\Debug\FrameRateCounter.obj
C:\Users\samcruise\Documents\Visual Studio 2012\Projects\ZXpp\ZXpp\Debug\Loudspeaker.obj
C:\Users\samcruise\Documents\Visual Studio 2012\Projects\ZXpp\ZXpp\Debug\memory.obj
C:\Users\samcruise\Documents\Visual Studio 2012\Projects\ZXpp\ZXpp\Debug\MockIODevice.obj
C:\Users\samcruise\Documents\Visual Studio 2012\Projects\ZXpp\ZXpp\Debug\TestZ80.obj
C:\Users\samcruise\Documents\Visual Studio 2012\Projects\ZXpp\ZXpp\Debug\TextureCache.obj
C:\Users\samcruise\Documents\Visual Studio 2012\Projects\ZXpp\ZXpp\Debug\Timer.obj
C:\Users\samcruise\Documents\Visual Studio 2012\Projects\ZXpp\ZXpp\Debug\ula.obj
C:\Users\samcruise\Documents\Visual Studio 2012\Projects\ZXpp\ZXpp\Debug\z80.obj
C:\Users\samcruise\Documents\Visual Studio 2012\Projects\ZXpp\ZXpp\Debug\cl.command.1.tlog
C:\Users\samcruise\Documents\Visual Studio 2012\Projects\ZXpp\ZXpp\Debug\CL.read.1.tlog
C:\Users\samcruise\Documents\Visual Studio 2012\Projects\ZXpp\ZXpp\Debug\CL.write.1.tlog
C:\Users\samcruise\Documents\Visual Studio 2012\Projects\ZXpp\ZXpp\Debug\link-cvtres.read.1.tlog
C:\Users\samcruise\Documents\Visual Studio 2012\Projects\ZXpp\ZXpp\Debug\link-cvtres.write.1.tlog
C:\Users\samcruise\Documents\Visual Studio 2012\Projects\ZXpp\ZXpp\Debug\link-rc.read.1.tlog
C:\Users\samcruise\Documents\Visual Studio 2012\Projects\ZXpp\ZXpp\Debug\link-rc.write.1.tlog
C:\Users\samcruise\Documents\Visual Studio 2012\Projects\ZXpp\ZXpp\Debug\link.1128-cvtres.read.1.tlog
C:\Users\samcruise\Documents\Visual Studio 2012\Projects\ZXpp\ZXpp\Debug\link.1128-cvtres.write.1.tlog
C:\Users\samcruise\Documents\Visual Studio 2012\Projects\ZXpp\ZXpp\Debug\link.1128-rc.read.1.tlog
C:\Users\samcruise\Documents\Visual Studio 2012\Projects\ZXpp\ZXpp\Debug\link.1128-rc.write.1.tlog
C:\Users\samcruise\Documents\Visual Studio 2012\Projects\ZXpp\ZXpp\Debug\link.1128.read.1.tlog
C:\Users\samcruise\Documents\Visual Studio 2012\Projects\ZXpp\ZXpp\Debug\link.1128.write.1.tlog
C:\Users\samcruise\Documents\Visual Studio 2012\Projects\ZXpp\ZXpp\Debug\link.1940-cvtres.read.1.tlog
C:\Users\samcruise\Documents\Visual Studio 2012\Projects\ZXpp\ZXpp\Debug\link.1940-cvtres.write.1.tlog
C:\Users\samcruise\Documents\Visual Studio 2012\Projects\ZXpp\ZXpp\Debug\link.1940-rc.read.1.tlog
C:\Users\samcruise\Documents\Visual Studio 2012\Projects\ZXpp\ZXpp\Debug\link.1940-rc.write.1.tlog
C:\Users\samcruise\Documents\Visual Studio 2012\Projects\ZXpp\ZXpp\Debug\link.1940.read.1.tlog
C:\Users\samcruise\Documents\Visual Studio 2012\Projects\ZXpp\ZXpp\Debug\link.1940.write.1.tlog
C:\Users\samcruise\Documents\Visual Studio 2012\Projects\ZXpp\ZXpp\Debug\link.3004-cvtres.read.1.tlog
C:\Users\samcruise\Documents\Visual Studio 2012\Projects\ZXpp\ZXpp\Debug\link.3004-cvtres.write.1.tlog
C:\Users\samcruise\Documents\Visual Studio 2012\Projects\ZXpp\ZXpp\Debug\link.3004-rc.read.1.tlog
C:\Users\samcruise\Documents\Visual Studio 2012\Projects\ZXpp\ZXpp\Debug\link.3004-rc.write.1.tlog
C:\Users\samcruise\Documents\Visual Studio 2012\Projects\ZXpp\ZXpp\Debug\link.3004.read.1.tlog
C:\Users\samcruise\Documents\Visual Studio 2012\Projects\ZXpp\ZXpp\Debug\link.3004.write.1.tlog
C:\Users\samcruise\Documents\Visual Studio 2012\Projects\ZXpp\ZXpp\Debug\link.4000-cvtres.read.1.tlog
C:\Users\samcruise\Documents\Visual Studio 2012\Projects\ZXpp\ZXpp\Debug\link.4000-cvtres.write.1.tlog
C:\Users\samcruise\Documents\Visual Studio 2012\Projects\ZXpp\ZXpp\Debug\link.4000-rc.read.1.tlog
C:\Users\samcruise\Documents\Visual Studio 2012\Projects\ZXpp\ZXpp\Debug\link.4000-rc.write.1.tlog
C:\Users\samcruise\Documents\Visual Studio 2012\Projects\ZXpp\ZXpp\Debug\link.4000.read.1.tlog
C:\Users\samcruise\Documents\Visual Studio 2012\Projects\ZXpp\ZXpp\Debug\link.4000.write.1.tlog
C:\Users\samcruise\Documents\Visual Studio 2012\Projects\ZXpp\ZXpp\Debug\link.4396-cvtres.read.1.tlog
C:\Users\samcruise\Documents\Visual Studio 2012\Projects\ZXpp\ZXpp\Debug\link.4396-cvtres.write.1.tlog
C:\Users\samcruise\Documents\Visual Studio 2012\Projects\ZXpp\ZXpp\Debug\link.4396-rc.read.1.tlog
C:\Users\samcruise\Documents\Visual Studio 2012\Projects\ZXpp\ZXpp\Debug\link.4396-rc.write.1.tlog
C:\Users\samcruise\Documents\Visual Studio 2012\Projects\ZXpp\ZXpp\Debug\link.4396.read.1.tlog
C:\Users\samcruise\Documents\Visual Studio 2012\Projects\ZXpp\ZXpp\Debug\link.4396.write.1.tlog
C:\Users\samcruise\Documents\Visual Studio 2012\Projects\ZXpp\ZXpp\Debug\link.4504-cvtres.read.1.tlog
C:\Users\samcruise\Documents\Visual Studio 2012\Projects\ZXpp\ZXpp\Debug\link.4504-cvtres.write.1.tlog
C:\Users\samcruise\Documents\Visual Studio 2012\Projects\ZXpp\ZXpp\Debug\link.4504-rc.read.1.tlog
C:\Users\samcruise\Documents\Visual Studio 2012\Projects\ZXpp\ZXpp\Debug\link.4504-rc.write.1.tlog
C:\Users\samcruise\Documents\Visual Studio 2012\Projects\ZXpp\ZXpp\Debug\link.4504.read.1.tlog
C:\Users\samcruise\Documents\Visual Studio 2012\Projects\ZXpp\ZXpp\Debug\link.4504.write.1.tlog
C:\Users\samcruise\Documents\Visual Studio 2012\Projects\ZXpp\ZXpp\Debug\link.4596-cvtres.read.1.tlog
C:\Users\samcruise\Documents\Visual Studio 2012\Projects\ZXpp\ZXpp\Debug\link.4596-cvtres.write.1.tlog
C:\Users\samcruise\Documents\Visual Studio 2012\Projects\ZXpp\ZXpp\Debug\link.4596-rc.read.1.tlog
C:\Users\samcruise\Documents\Visual Studio 2012\Projects\ZXpp\ZXpp\Debug\link.4596-rc.write.1.tlog
C:\Users\samcruise\Documents\Visual Studio 2012\Projects\ZXpp\ZXpp\Debug\link.4596.read.1.tlog
C:\Users\samcruise\Documents\Visual Studio 2012\Projects\ZXpp\ZXpp\Debug\link.4596.write.1.tlog
C:\Users\samcruise\Documents\Visual Studio 2012\Projects\ZXpp\ZXpp\Debug\link.4884-cvtres.read.1.tlog
C:\Users\samcruise\Documents\Visual Studio 2012\Projects\ZXpp\ZXpp\Debug\link.4884-cvtres.write.1.tlog
C:\Users\samcruise\Documents\Visual Studio 2012\Projects\ZXpp\ZXpp\Debug\link.4884-rc.read.1.tlog
C:\Users\samcruise\Documents\Visual Studio 2012\Projects\ZXpp\ZXpp\Debug\link.4884-rc.write.1.tlog
C:\Users\samcruise\Documents\Visual Studio 2012\Projects\ZXpp\ZXpp\Debug\link.4884.read.1.tlog
C:\Users\samcruise\Documents\Visual Studio 2012\Projects\ZXpp\ZXpp\Debug\link.4884.write.1.tlog
C:\Users\samcruise\Documents\Visual Studio 2012\Projects\ZXpp\ZXpp\Debug\link.5028-cvtres.read.1.tlog
C:\Users\samcruise\Documents\Visual Studio 2012\Projects\ZXpp\ZXpp\Debug\link.5028-cvtres.write.1.tlog
C:\Users\samcruise\Documents\Visual Studio 2012\Projects\ZXpp\ZXpp\Debug\link.5028-rc.read.1.tlog
C:\Users\samcruise\Documents\Visual Studio 2012\Projects\ZXpp\ZXpp\Debug\link.5028-rc.write.1.tlog
C:\Users\samcruise\Documents\Visual Studio 2012\Projects\ZXpp\ZXpp\Debug\link.5028.read.1.tlog
C:\Users\samcruise\Documents\Visual Studio 2012\Projects\ZXpp\ZXpp\Debug\link.5028.write.1.tlog
C:\Users\samcruise\Documents\Visual Studio 2012\Projects\ZXpp\ZXpp\Debug\link.5112-cvtres.read.1.tlog
C:\Users\samcruise\Documents\Visual Studio 2012\Projects\ZXpp\ZXpp\Debug\link.5112-cvtres.write.1.tlog
C:\Users\samcruise\Documents\Visual Studio 2012\Projects\ZXpp\ZXpp\Debug\link.5112-rc.read.1.tlog
C:\Users\samcruise\Documents\Visual Studio 2012\Projects\ZXpp\ZXpp\Debug\link.5112-rc.write.1.tlog
C:\Users\samcruise\Documents\Visual Studio 2012\Projects\ZXpp\ZXpp\Debug\link.5112.read.1.tlog
C:\Users\samcruise\Documents\Visual Studio 2012\Projects\ZXpp\ZXpp\Debug\link.5112.write.1.tlog
C:\Users\samcruise\Documents\Visual Studio 2012\Projects\ZXpp\ZXpp\Debug\link.5264-cvtres.read.1.tlog
C:\Users\samcruise\Documents\Visual Studio 2012\Projects\ZXpp\ZXpp\Debug\link.5264-cvtres.write.1.tlog
C:\Users\samcruise\Documents\Visual Studio 2012\Projects\ZXpp\ZXpp\Debug\link.5264-rc.read.1.tlog
C:\Users\samcruise\Documents\Visual Studio 2012\Projects\ZXpp\ZXpp\Debug\link.5264-rc.write.1.tlog
C:\Users\samcruise\Documents\Visual Studio 2012\Projects\ZXpp\ZXpp\Debug\link.5264.read.1.tlog
C:\Users\samcruise\Documents\Visual Studio 2012\Projects\ZXpp\ZXpp\Debug\link.5264.write.1.tlog
C:\Users\samcruise\Documents\Visual Studio 2012\Projects\ZXpp\ZXpp\Debug\link.5384-cvtres.read.1.tlog
C:\Users\samcruise\Documents\Visual Studio 2012\Projects\ZXpp\ZXpp\Debug\link.5384-cvtres.write.1.tlog
C:\Users\samcruise\Documents\Visual Studio 2012\Projects\ZXpp\ZXpp\Debug\link.5384-rc.read.1.tlog
C:\Users\samcruise\Documents\Visual Studio 2012\Projects\ZXpp\ZXpp\Debug\link.5384-rc.write.1.tlog
C:\Users\samcruise\Documents\Visual Studio 2012\Projects\ZXpp\ZXpp\Debug\link.5384.read.1.tlog
C:\Users\samcruise\Documents\Visual Studio 2012\Projects\ZXpp\ZXpp\Debug\link.5384.write.1.tlog
C:\Users\samcruise\Documents\Visual Studio 2012\Projects\ZXpp\ZXpp\Debug\link.5464-cvtres.read.1.tlog
C:\Users\samcruise\Documents\Visual Studio 2012\Projects\ZXpp\ZXpp\Debug\link.5464-cvtres.write.1.tlog
C:\Users\samcruise\Documents\Visual Studio 2012\Projects\ZXpp\ZXpp\Debug\link.5464-rc.read.1.tlog
C:\Users\samcruise\Documents\Visual Studio 2012\Projects\ZXpp\ZXpp\Debug\link.5464-rc.write.1.tlog
C:\Users\samcruise\Documents\Visual Studio 2012\Projects\ZXpp\ZXpp\Debug\link.5464.read.1.tlog
C:\Users\samcruise\Documents\Visual Studio 2012\Projects\ZXpp\ZXpp\Debug\link.5464.write.1.tlog
C:\Users\samcruise\Documents\Visual Studio 2012\Projects\ZXpp\ZXpp\Debug\link.5624-cvtres.read.1.tlog
C:\Users\samcruise\Documents\Visual Studio 2012\Projects\ZXpp\ZXpp\Debug\link.5624-cvtres.write.1.tlog
C:\Users\samcruise\Documents\Visual Studio 2012\Projects\ZXpp\ZXpp\Debug\link.5624-rc.read.1.tlog
C:\Users\samcruise\Documents\Visual Studio 2012\Projects\ZXpp\ZXpp\Debug\link.5624-rc.write.1.tlog
C:\Users\samcruise\Documents\Visual Studio 2012\Projects\ZXpp\ZXpp\Debug\link.5624.read.1.tlog
C:\Users\samcruise\Documents\Visual Studio 2012\Projects\ZXpp\ZXpp\Debug\link.5624.write.1.tlog
C:\Users\samcruise\Documents\Visual Studio 2012\Projects\ZXpp\ZXpp\Debug\link.5864-cvtres.read.1.tlog
C:\Users\samcruise\Documents\Visual Studio 2012\Projects\ZXpp\ZXpp\Debug\link.5864-cvtres.write.1.tlog
C:\Users\samcruise\Documents\Visual Studio 2012\Projects\ZXpp\ZXpp\Debug\link.5864-rc.read.1.tlog
C:\Users\samcruise\Documents\Visual Studio 2012\Projects\ZXpp\ZXpp\Debug\link.5864-rc.write.1.tlog
C:\Users\samcruise\Documents\Visual Studio 2012\Projects\ZXpp\ZXpp\Debug\link.5864.read.1.tlog
C:\Users\samcruise\Documents\Visual Studio 2012\Projects\ZXpp\ZXpp\Debug\link.5864.write.1.tlog
C:\Users\samcruise\Documents\Visual Studio 2012\Projects\ZXpp\ZXpp\Debug\link.5964-cvtres.read.1.tlog
C:\Users\samcruise\Documents\Visual Studio 2012\Projects\ZXpp\ZXpp\Debug\link.5964-cvtres.write.1.tlog
C:\Users\samcruise\Documents\Visual Studio 2012\Projects\ZXpp\ZXpp\Debug\link.5964-rc.read.1.tlog
C:\Users\samcruise\Documents\Visual Studio 2012\Projects\ZXpp\ZXpp\Debug\link.5964-rc.write.1.tlog
C:\Users\samcruise\Documents\Visual Studio 2012\Projects\ZXpp\ZXpp\Debug\link.5964.read.1.tlog
C:\Users\samcruise\Documents\Visual Studio 2012\Projects\ZXpp\ZXpp\Debug\link.5964.write.1.tlog
C:\Users\samcruise\Documents\Visual Studio 2012\Projects\ZXpp\ZXpp\Debug\link.5976-cvtres.read.1.tlog
C:\Users\samcruise\Documents\Visual Studio 2012\Projects\ZXpp\ZXpp\Debug\link.5976-cvtres.write.1.tlog
C:\Users\samcruise\Documents\Visual Studio 2012\Projects\ZXpp\ZXpp\Debug\link.5976-rc.read.1.tlog
C:\Users\samcruise\Documents\Visual Studio 2012\Projects\ZXpp\ZXpp\Debug\link.5976-rc.write.1.tlog
C:\Users\samcruise\Documents\Visual Studio 2012\Projects\ZXpp\ZXpp\Debug\link.5976.read.1.tlog
C:\Users\samcruise\Documents\Visual Studio 2012\Projects\ZXpp\ZXpp\Debug\link.5976.write.1.tlog
C:\Users\samcruise\Documents\Visual Studio 2012\Projects\ZXpp\ZXpp\Debug\link.6264-cvtres.read.1.tlog
C:\Users\samcruise\Documents\Visual Studio 2012\Projects\ZXpp\ZXpp\Debug\link.6264-cvtres.write.1.tlog
C:\Users\samcruise\Documents\Visual Studio 2012\Projects\ZXpp\ZXpp\Debug\link.6264-rc.read.1.tlog
C:\Users\samcruise\Documents\Visual Studio 2012\Projects\ZXpp\ZXpp\Debug\link.6264-rc.write.1.tlog
C:\Users\samcruise\Documents\Visual Studio 2012\Projects\ZXpp\ZXpp\Debug\link.6264.read.1.tlog
C:\Users\samcruise\Documents\Visual Studio 2012\Projects\ZXpp\ZXpp\Debug\link.6264.write.1.tlog
C:\Users\samcruise\Documents\Visual Studio 2012\Projects\ZXpp\ZXpp\Debug\link.6276-cvtres.read.1.tlog
C:\Users\samcruise\Documents\Visual Studio 2012\Projects\ZXpp\ZXpp\Debug\link.6276-cvtres.write.1.tlog
C:\Users\samcruise\Documents\Visual Studio 2012\Projects\ZXpp\ZXpp\Debug\link.6276-rc.read.1.tlog
C:\Users\samcruise\Documents\Visual Studio 2012\Projects\ZXpp\ZXpp\Debug\link.6276-rc.write.1.tlog
C:\Users\samcruise\Documents\Visual Studio 2012\Projects\ZXpp\ZXpp\Debug\link.6276.read.1.tlog
C:\Users\samcruise\Documents\Visual Studio 2012\Projects\ZXpp\ZXpp\Debug\link.6276.write.1.tlog
C:\Users\samcruise\Documents\Visual Studio 2012\Projects\ZXpp\ZXpp\Debug\link.6360-cvtres.read.1.tlog
C:\Users\samcruise\Documents\Visual Studio 2012\Projects\ZXpp\ZXpp\Debug\link.6360-cvtres.write.1.tlog
C:\Users\samcruise\Documents\Visual Studio 2012\Projects\ZXpp\ZXpp\Debug\link.6360-rc.read.1.tlog
C:\Users\samcruise\Documents\Visual Studio 2012\Projects\ZXpp\ZXpp\Debug\link.6360-rc.write.1.tlog
C:\Users\samcruise\Documents\Visual Studio 2012\Projects\ZXpp\ZXpp\Debug\link.6360.read.1.tlog
C:\Users\samcruise\Documents\Visual Studio 2012\Projects\ZXpp\ZXpp\Debug\link.6360.write.1.tlog
C:\Users\samcruise\Documents\Visual Studio 2012\Projects\ZXpp\ZXpp\Debug\link.6428-cvtres.read.1.tlog
C:\Users\samcruise\Documents\Visual Studio 2012\Projects\ZXpp\ZXpp\Debug\link.6428-cvtres.write.1.tlog
C:\Users\samcruise\Documents\Visual Studio 2012\Projects\ZXpp\ZXpp\Debug\link.6428-rc.read.1.tlog
C:\Users\samcruise\Documents\Visual Studio 2012\Projects\ZXpp\ZXpp\Debug\link.6428-rc.write.1.tlog
C:\Users\samcruise\Documents\Visual Studio 2012\Projects\ZXpp\ZXpp\Debug\link.6428.read.1.tlog
C:\Users\samcruise\Documents\Visual Studio 2012\Projects\ZXpp\ZXpp\Debug\link.6428.write.1.tlog
C:\Users\samcruise\Documents\Visual Studio 2012\Projects\ZXpp\ZXpp\Debug\link.6480-cvtres.read.1.tlog
C:\Users\samcruise\Documents\Visual Studio 2012\Projects\ZXpp\ZXpp\Debug\link.6480-cvtres.write.1.tlog
C:\Users\samcruise\Documents\Visual Studio 2012\Projects\ZXpp\ZXpp\Debug\link.6480-rc.read.1.tlog
C:\Users\samcruise\Documents\Visual Studio 2012\Projects\ZXpp\ZXpp\Debug\link.6480-rc.write.1.tlog
C:\Users\samcruise\Documents\Visual Studio 2012\Projects\ZXpp\ZXpp\Debug\link.6480.read.1.tlog
C:\Users\samcruise\Documents\Visual Studio 2012\Projects\ZXpp\ZXpp\Debug\link.6480.write.1.tlog
C:\Users\samcruise\Documents\Visual Studio 2012\Projects\ZXpp\ZXpp\Debug\link.6512-cvtres.read.1.tlog
C:\Users\samcruise\Documents\Visual Studio 2012\Projects\ZXpp\ZXpp\Debug\link.6512-cvtres.write.1.tlog
C:\Users\samcruise\Documents\Visual Studio 2012\Projects\ZXpp\ZXpp\Debug\link.6512-rc.read.1.tlog
C:\Users\samcruise\Documents\Visual Studio 2012\Projects\ZXpp\ZXpp\Debug\link.6512-rc.write.1.tlog
C:\Users\samcruise\Documents\Visual Studio 2012\Projects\ZXpp\ZXpp\Debug\link.6512.read.1.tlog
C:\Users\samcruise\Documents\Visual Studio 2012\Projects\ZXpp\ZXpp\Debug\link.6512.write.1.tlog
C:\Users\samcruise\Documents\Visual Studio 2012\Projects\ZXpp\ZXpp\Debug\link.6656-cvtres.read.1.tlog
C:\Users\samcruise\Documents\Visual Studio 2012\Projects\ZXpp\ZXpp\Debug\link.6656-cvtres.write.1.tlog
C:\Users\samcruise\Documents\Visual Studio 2012\Projects\ZXpp\ZXpp\Debug\link.6656-rc.read.1.tlog
C:\Users\samcruise\Documents\Visual Studio 2012\Projects\ZXpp\ZXpp\Debug\link.6656-rc.write.1.tlog
C:\Users\samcruise\Documents\Visual Studio 2012\Projects\ZXpp\ZXpp\Debug\link.6656.read.1.tlog
C:\Users\samcruise\Documents\Visual Studio 2012\Projects\ZXpp\ZXpp\Debug\link.6656.write.1.tlog
C:\Users\samcruise\Documents\Visual Studio 2012\Projects\ZXpp\ZXpp\Debug\link.6680-cvtres.read.1.tlog
C:\Users\samcruise\Documents\Visual Studio 2012\Projects\ZXpp\ZXpp\Debug\link.6680-cvtres.write.1.tlog
C:\Users\samcruise\Documents\Visual Studio 2012\Projects\ZXpp\ZXpp\Debug\link.6680-rc.read.1.tlog
C:\Users\samcruise\Documents\Visual Studio 2012\Projects\ZXpp\ZXpp\Debug\link.6680-rc.write.1.tlog
C:\Users\samcruise\Documents\Visual Studio 2012\Projects\ZXpp\ZXpp\Debug\link.6680.read.1.tlog
C:\Users\samcruise\Documents\Visual Studio 2012\Projects\ZXpp\ZXpp\Debug\link.6680.write.1.tlog
C:\Users\samcruise\Documents\Visual Studio 2012\Projects\ZXpp\ZXpp\Debug\link.6772-cvtres.read.1.tlog
C:\Users\samcruise\Documents\Visual Studio 2012\Projects\ZXpp\ZXpp\Debug\link.6772-cvtres.write.1.tlog
C:\Users\samcruise\Documents\Visual Studio 2012\Projects\ZXpp\ZXpp\Debug\link.6772-rc.read.1.tlog
C:\Users\samcruise\Documents\Visual Studio 2012\Projects\ZXpp\ZXpp\Debug\link.6772-rc.write.1.tlog
C:\Users\samcruise\Documents\Visual Studio 2012\Projects\ZXpp\ZXpp\Debug\link.6772.read.1.tlog
C:\Users\samcruise\Documents\Visual Studio 2012\Projects\ZXpp\ZXpp\Debug\link.6772.write.1.tlog
C:\Users\samcruise\Documents\Visual Studio 2012\Projects\ZXpp\ZXpp\Debug\link.6896-cvtres.read.1.tlog
C:\Users\samcruise\Documents\Visual Studio 2012\Projects\ZXpp\ZXpp\Debug\link.6896-cvtres.write.1.tlog
C:\Users\samcruise\Documents\Visual Studio 2012\Projects\ZXpp\ZXpp\Debug\link.6896-rc.read.1.tlog
C:\Users\samcruise\Documents\Visual Studio 2012\Projects\ZXpp\ZXpp\Debug\link.6896-rc.write.1.tlog
C:\Users\samcruise\Documents\Visual Studio 2012\Projects\ZXpp\ZXpp\Debug\link.6896.read.1.tlog
C:\Users\samcruise\Documents\Visual Studio 2012\Projects\ZXpp\ZXpp\Debug\link.6896.write.1.tlog
C:\Users\samcruise\Documents\Visual Studio 2012\Projects\ZXpp\ZXpp\Debug\link.6944-cvtres.read.1.tlog
C:\Users\samcruise\Documents\Visual Studio 2012\Projects\ZXpp\ZXpp\Debug\link.6944-cvtres.write.1.tlog
C:\Users\samcruise\Documents\Visual Studio 2012\Projects\ZXpp\ZXpp\Debug\link.6944-rc.read.1.tlog
C:\Users\samcruise\Documents\Visual Studio 2012\Projects\ZXpp\ZXpp\Debug\link.6944-rc.write.1.tlog
C:\Users\samcruise\Documents\Visual Studio 2012\Projects\ZXpp\ZXpp\Debug\link.6944.read.1.tlog
C:\Users\samcruise\Documents\Visual Studio 2012\Projects\ZXpp\ZXpp\Debug\link.6944.write.1.tlog
C:\Users\samcruise\Documents\Visual Studio 2012\Projects\ZXpp\ZXpp\Debug\link.6948-cvtres.read.1.tlog
C:\Users\samcruise\Documents\Visual Studio 2012\Projects\ZXpp\ZXpp\Debug\link.6948-cvtres.write.1.tlog
C:\Users\samcruise\Documents\Visual Studio 2012\Projects\ZXpp\ZXpp\Debug\link.6948-rc.read.1.tlog
C:\Users\samcruise\Documents\Visual Studio 2012\Projects\ZXpp\ZXpp\Debug\link.6948-rc.write.1.tlog
C:\Users\samcruise\Documents\Visual Studio 2012\Projects\ZXpp\ZXpp\Debug\link.6948.read.1.tlog
C:\Users\samcruise\Documents\Visual Studio 2012\Projects\ZXpp\ZXpp\Debug\link.6948.write.1.tlog
C:\Users\samcruise\Documents\Visual Studio 2012\Projects\ZXpp\ZXpp\Debug\link.6952-cvtres.read.1.tlog
C:\Users\samcruise\Documents\Visual Studio 2012\Projects\ZXpp\ZXpp\Debug\link.6952-cvtres.write.1.tlog
C:\Users\samcruise\Documents\Visual Studio 2012\Projects\ZXpp\ZXpp\Debug\link.6952-rc.read.1.tlog
C:\Users\samcruise\Documents\Visual Studio 2012\Projects\ZXpp\ZXpp\Debug\link.6952-rc.write.1.tlog
C:\Users\samcruise\Documents\Visual Studio 2012\Projects\ZXpp\ZXpp\Debug\link.6952.read.1.tlog
C:\Users\samcruise\Documents\Visual Studio 2012\Projects\ZXpp\ZXpp\Debug\link.6952.write.1.tlog
C:\Users\samcruise\Documents\Visual Studio 2012\Projects\ZXpp\ZXpp\Debug\link.7000-cvtres.read.1.tlog
C:\Users\samcruise\Documents\Visual Studio 2012\Projects\ZXpp\ZXpp\Debug\link.7000-cvtres.write.1.tlog
C:\Users\samcruise\Documents\Visual Studio 2012\Projects\ZXpp\ZXpp\Debug\link.7000-rc.read.1.tlog
C:\Users\samcruise\Documents\Visual Studio 2012\Projects\ZXpp\ZXpp\Debug\link.7000-rc.write.1.tlog
C:\Users\samcruise\Documents\Visual Studio 2012\Projects\ZXpp\ZXpp\Debug\link.7000.read.1.tlog
C:\Users\samcruise\Documents\Visual Studio 2012\Projects\ZXpp\ZXpp\Debug\link.7000.write.1.tlog
C:\Users\samcruise\Documents\Visual Studio 2012\Projects\ZXpp\ZXpp\Debug\link.7028-cvtres.read.1.tlog
C:\Users\samcruise\Documents\Visual Studio 2012\Projects\ZXpp\ZXpp\Debug\link.7028-cvtres.write.1.tlog
C:\Users\samcruise\Documents\Visual Studio 2012\Projects\ZXpp\ZXpp\Debug\link.7028-rc.read.1.tlog
C:\Users\samcruise\Documents\Visual Studio 2012\Projects\ZXpp\ZXpp\Debug\link.7028-rc.write.1.tlog
C:\Users\samcruise\Documents\Visual Studio 2012\Projects\ZXpp\ZXpp\Debug\link.7028.read.1.tlog
C:\Users\samcruise\Documents\Visual Studio 2012\Projects\ZXpp\ZXpp\Debug\link.7028.write.1.tlog
C:\Users\samcruise\Documents\Visual Studio 2012\Projects\ZXpp\ZXpp\Debug\link.764-cvtres.read.1.tlog
C:\Users\samcruise\Documents\Visual Studio 2012\Projects\ZXpp\ZXpp\Debug\link.764-cvtres.write.1.tlog
C:\Users\samcruise\Documents\Visual Studio 2012\Projects\ZXpp\ZXpp\Debug\link.764-rc.read.1.tlog
C:\Users\samcruise\Documents\Visual Studio 2012\Projects\ZXpp\ZXpp\Debug\link.764-rc.write.1.tlog
C:\Users\samcruise\Documents\Visual Studio 2012\Projects\ZXpp\ZXpp\Debug\link.764.read.1.tlog
C:\Users\samcruise\Documents\Visual Studio 2012\Projects\ZXpp\ZXpp\Debug\link.764.write.1.tlog
C:\Users\samcruise\Documents\Visual Studio 2012\Projects\ZXpp\ZXpp\Debug\link.command.1.tlog
C:\Users\samcruise\Documents\Visual Studio 2012\Projects\ZXpp\ZXpp\Debug\link.read.1.tlog
C:\Users\samcruise\Documents\Visual Studio 2012\Projects\ZXpp\ZXpp\Debug\link.write.1.tlog
C:\Users\samcruise\Documents\Visual Studio 2012\Projects\ZXpp\ZXpp\Debug\vc110.idb
C:\Users\samcruise\Documents\Visual Studio 2012\Projects\ZXpp\ZXpp\Debug\vc110.pdb
C:\Users\samcruise\Documents\Visual Studio 2012\Projects\ZXpp\Debug\ZXpp.pdb
C:\Users\samcruise\Documents\Visual Studio 2012\Projects\ZXpp\Debug\ZXpp.exe
C:\Users\samcruise\Documents\Visual Studio 2012\Projects\ZXpp\Debug\ZXpp.ilk
